\BOOKMARK [1][-]{section*.2}{\376\377\004\027\004\060\004\064\004\060\004\075\004\070\004\065\000\040\004\070\000\040\004\077\004\076\004\101\004\102\004\060\004\075\004\076\004\062\004\072\004\060\000\040\004\067\004\060\004\064\004\060\004\107\004\070}{}% 1
\BOOKMARK [1][-]{section.1}{\376\377\004\024\004\076\004\061\004\113\004\107\004\060\000\040\004\072\004\076\004\100\004\077\004\103\004\101\004\060\000\040\004\064\004\076\004\072\004\103\004\074\004\065\004\075\004\102\004\076\004\062}{}% 2
\BOOKMARK [2][-]{subsection.1.1}{\376\377\004\036\004\077\004\070\004\101\004\060\004\075\004\070\004\065}{section.1}% 3
\BOOKMARK [2][-]{subsection.1.2}{\376\377\004\020\004\100\004\105\004\070\004\102\004\065\004\072\004\102\004\103\004\100\004\060\000\040\004\100\004\065\004\110\004\065\004\075\004\070\004\117}{section.1}% 4
\BOOKMARK [2][-]{subsection.1.3}{\376\377\004\040\004\065\004\060\004\073\004\070\004\067\004\060\004\106\004\070\004\117}{section.1}% 5
\BOOKMARK [2][-]{subsection.1.4}{\376\377\004\042\004\065\004\101\004\102\004\070\004\100\004\076\004\062\004\060\004\075\004\070\004\065\000\040\004\070\000\040\004\072\004\076\004\075\004\102\004\100\004\076\004\073\004\114\000\040\004\072\004\060\004\107\004\065\004\101\004\102\004\062\004\060}{section.1}% 6
\BOOKMARK [2][-]{subsection.1.5}{\376\377\004\024\004\070\004\060\004\063\004\100\004\060\004\074\004\074\004\060\000\040\004\077\004\076\004\102\004\076\004\072\004\060\000\040\004\072\004\100\004\060\004\103\004\073\004\065\004\100\004\060}{section.1}% 7
\BOOKMARK [1][-]{section.2}{\376\377\004\037\004\076\004\070\004\101\004\072\004\076\004\062\004\113\004\071\000\040\004\100\004\076\004\061\004\076\004\102}{}% 8
\BOOKMARK [2][-]{subsection.2.1}{\376\377\004\036\004\077\004\070\004\101\004\060\004\075\004\070\004\065}{section.2}% 9
\BOOKMARK [2][-]{subsection.2.2}{\376\377\004\020\004\100\004\105\004\070\004\102\004\065\004\072\004\102\004\103\004\100\004\060\000\040\004\070\000\040\004\062\004\067\004\060\004\070\004\074\004\076\004\064\004\065\004\071\004\101\004\102\004\062\004\070\004\065\000\040\004\072\004\076\004\074\004\077\004\076\004\075\004\065\004\075\004\102\004\076\004\062}{section.2}% 10
\BOOKMARK [2][-]{subsection.2.3}{\376\377\004\040\004\065\004\060\004\073\004\070\004\067\004\060\004\106\004\070\004\117\000\040\004\070\000\040\004\070\004\075\004\066\004\065\004\075\004\065\004\100\004\075\004\113\004\065\000\040\004\064\004\065\004\102\004\060\004\073\004\070}{section.2}% 11
\BOOKMARK [2][-]{subsection.2.4}{\376\377\004\042\004\065\004\101\004\102\004\070\004\100\004\076\004\062\004\060\004\075\004\070\004\065\000\040\004\070\000\040\004\072\004\076\004\075\004\102\004\100\004\076\004\073\004\114}{section.2}% 12
\BOOKMARK [2][-]{subsection.2.5}{\376\377\004\024\004\070\004\060\004\063\004\100\004\060\004\074\004\074\004\060\000\040\004\077\004\076\004\102\004\076\004\072\004\060\000\040\000\050\004\077\004\076\004\062\004\102\004\076\004\100\004\075\004\076\000\051}{section.2}% 13
\BOOKMARK [1][-]{section.3}{\376\377\004\042\004\076\004\072\004\065\004\075\004\070\004\067\004\060\004\106\004\070\004\117}{}% 14
\BOOKMARK [2][-]{subsection.3.1}{\376\377\004\036\004\077\004\070\004\101\004\060\004\075\004\070\004\065}{section.3}% 15
\BOOKMARK [2][-]{subsection.3.2}{\376\377\004\020\004\100\004\105\004\070\004\102\004\065\004\072\004\102\004\103\004\100\004\060\000\040\004\070\000\040\004\070\004\075\004\102\004\065\004\100\004\104\004\065\004\071\004\101}{section.3}% 16
\BOOKMARK [2][-]{subsection.3.3}{\376\377\004\040\004\065\004\060\004\073\004\070\004\067\004\060\004\106\004\070\004\117\000\040\004\070\000\040\004\102\004\076\004\075\004\072\004\060\004\117\000\040\004\075\004\060\004\101\004\102\004\100\004\076\004\071\004\072\004\060}{section.3}% 17
\BOOKMARK [2][-]{subsection.3.4}{\376\377\004\042\004\065\004\101\004\102\004\070\004\100\004\076\004\062\004\060\004\075\004\070\004\065}{section.3}% 18
\BOOKMARK [1][-]{section.4}{\376\377\004\041\004\102\004\065\004\074\004\074\004\070\004\075\004\063}{}% 19
\BOOKMARK [2][-]{subsection.4.1}{\376\377\004\036\004\077\004\070\004\101\004\060\004\075\004\070\004\065}{section.4}% 20
\BOOKMARK [2][-]{subsection.4.2}{\376\377\004\020\004\100\004\105\004\070\004\102\004\065\004\072\004\102\004\103\004\100\004\060\000\040\004\070\000\040\004\110\004\060\004\063\004\070}{section.4}% 21
\BOOKMARK [2][-]{subsection.4.3}{\376\377\004\024\004\070\004\060\004\063\004\100\004\060\004\074\004\074\004\060\000\040\004\110\004\060\004\063\004\076\004\062}{section.4}% 22
\BOOKMARK [2][-]{subsection.4.4}{\376\377\004\042\004\065\004\101\004\102\004\070\004\100\004\076\004\062\004\060\004\075\004\070\004\065\000\040\004\070\000\040\004\077\004\100\004\060\004\072\004\102\004\070\004\107\004\065\004\101\004\072\004\070\004\065\000\040\004\067\004\060\004\074\004\065\004\107\004\060\004\075\004\070\004\117}{section.4}% 23
\BOOKMARK [1][-]{section.5}{\376\377\004\027\004\060\004\072\004\076\004\075\000\040\004\046\004\070\004\077\004\104\004\060}{}% 24
\BOOKMARK [2][-]{subsection.5.1}{\376\377\004\036\004\077\004\070\004\101\004\060\004\075\004\070\004\065\000\040\004\070\000\040\004\106\004\065\004\073\004\114}{section.5}% 25
\BOOKMARK [2][-]{subsection.5.2}{\376\377\004\040\004\065\004\060\004\073\004\070\004\067\004\060\004\106\004\070\004\117\000\040\004\115\004\072\004\101\004\077\004\076\004\100\004\102\004\060}{section.5}% 26
\BOOKMARK [2][-]{subsection.5.3}{\376\377\004\030\004\075\004\102\004\065\004\100\004\077\004\100\004\065\004\102\004\060\004\106\004\070\004\117\000\040\004\100\004\065\004\067\004\103\004\073\004\114\004\102\004\060\004\102\004\076\004\062}{section.5}% 27
\BOOKMARK [2][-]{subsection.5.4}{\376\377\004\023\004\100\004\060\004\104\004\070\004\072}{section.5}% 28
\BOOKMARK [2][-]{subsection.5.5}{\376\377\004\037\004\100\004\060\004\072\004\102\004\070\004\107\004\065\004\101\004\072\004\070\004\065\000\040\004\100\004\065\004\072\004\076\004\074\004\065\004\075\004\064\004\060\004\106\004\070\004\070}{section.5}% 29
\BOOKMARK [1][-]{section.6}{\376\377\004\021\004\103\004\073\004\065\004\062\000\040\004\070\004\075\004\064\004\065\004\072\004\101}{}% 30
\BOOKMARK [2][-]{subsection.6.1}{\376\377\004\036\004\077\004\070\004\101\004\060\004\075\004\070\004\065}{section.6}% 31
\BOOKMARK [2][-]{subsection.6.2}{\376\377\004\041\004\102\004\100\004\103\004\072\004\102\004\103\004\100\004\113\000\040\004\070\000\040\004\100\004\065\004\060\004\073\004\070\004\067\004\060\004\106\004\070\004\117}{section.6}% 32
\BOOKMARK [2][-]{subsection.6.3}{\376\377\004\024\004\070\004\060\004\063\004\100\004\060\004\074\004\074\004\060\000\040\004\101\004\102\004\100\004\103\004\072\004\102\004\103\004\100\004\113\000\040\000p\000o\000s\000t\000i\000n\000g\000\040\000l\000i\000s\000t}{section.6}% 33
\BOOKMARK [2][-]{subsection.6.4}{\376\377\004\037\004\100\004\076\004\061\004\073\004\065\004\074\004\113\000\040\004\074\004\060\004\101\004\110\004\102\004\060\004\061\004\060\000\040\004\070\000\040\004\072\004\076\004\074\004\077\004\100\004\065\004\101\004\101\004\070\004\070}{section.6}% 34
\BOOKMARK [2][-]{subsection.6.5}{\376\377\004\042\004\065\004\101\004\102\004\070\004\100\004\076\004\062\004\060\004\075\004\070\004\065\000\040\004\070\000\040\004\062\004\060\004\073\004\070\004\064\004\075\004\076\004\101\004\102\004\114\000\040\004\070\004\075\004\064\004\065\004\072\004\101\004\060}{section.6}% 35
\BOOKMARK [1][-]{section.7}{\376\377\004\021\004\103\004\073\004\065\004\062\000\040\004\077\004\076\004\070\004\101\004\072}{}% 36
\BOOKMARK [2][-]{subsection.7.1}{\376\377\004\036\004\077\004\070\004\101\004\060\004\075\004\070\004\065}{section.7}% 37
\BOOKMARK [2][-]{subsection.7.2}{\376\377\004\037\004\060\004\100\004\101\004\070\004\075\004\063\000\040\004\067\004\060\004\077\004\100\004\076\004\101\004\076\004\062\000\040\004\070\000\040\004\070\004\101\004\077\004\076\004\073\004\075\004\065\004\075\004\070\004\065}{section.7}% 38
\BOOKMARK [2][-]{subsection.7.3}{\376\377\004\030\004\075\004\102\004\065\004\063\004\100\004\060\004\106\004\070\004\117\000\040\004\101\000\040\004\062\004\065\004\061\000-\004\070\004\075\004\102\004\065\004\100\004\104\004\065\004\071\004\101\004\076\004\074\000\040\004\070\000\040\004\077\004\100\004\070\004\074\004\065\004\100\004\113}{section.7}% 39
\BOOKMARK [2][-]{subsection.7.4}{\376\377\004\036\004\063\004\100\004\060\004\075\004\070\004\107\004\065\004\075\004\070\004\117\000\040\004\070\000\040\004\064\004\060\004\073\004\114\004\075\004\065\004\071\004\110\004\070\004\065\000\040\004\110\004\060\004\063\004\070}{section.7}% 40
\BOOKMARK [1][-]{section*.3}{\376\377\004\022\004\113\004\062\004\076\004\064\004\113}{}% 41
\BOOKMARK [1][-]{section*.4}{\376\377\004\033\004\070\004\102\004\065\004\100\004\060\004\102\004\103\004\100\004\060}{}% 42
